2020-12-12 19:53:48.889 - INFO - 5407 - azureml.train.automl._azureautomlclient.modify_run_configuration:199 - Package azureml-train-automl missing from dependencies file.
2020-12-12 19:53:48.890 - INFO - 5407 - azureml.train.automl._azureautomlclient.modify_run_configuration:205 - Using pinned version: azureml-train-automl==1.19.0.*
2020-12-12 19:53:48.891 - INFO - 5407 - azureml.train.automl._azureautomlclient.modify_run_configuration:199 - Package pandas missing from dependencies file.
2020-12-12 19:53:48.891 - INFO - 5407 - azureml.train.automl._azureautomlclient.modify_run_configuration:205 - Using pinned version: pandas==0.25.1
2020-12-12 19:53:48.892 - INFO - 5407 - azureml.train.automl._azureautomlclient.modify_run_configuration:199 - Package psutil missing from dependencies file.
2020-12-12 19:53:48.892 - INFO - 5407 - azureml.train.automl._azureautomlclient.modify_run_configuration:205 - Using pinned version: psutil>5.0.0,<6.0.0
2020-12-12 19:53:48.893 - INFO - 5407 - azureml.train.automl._azureautomlclient.modify_run_configuration:199 - Package scikit-learn missing from dependencies file.
2020-12-12 19:53:48.893 - INFO - 5407 - azureml.train.automl._azureautomlclient.modify_run_configuration:205 - Using pinned version: scikit-learn==0.22.1
2020-12-12 19:53:48.893 - INFO - 5407 - azureml.train.automl._azureautomlclient.modify_run_configuration:199 - Package numpy missing from dependencies file.
2020-12-12 19:53:48.894 - INFO - 5407 - azureml.train.automl._azureautomlclient.modify_run_configuration:205 - Using pinned version: numpy~=1.18.0
2020-12-12 19:53:48.894 - INFO - 5407 - azureml.train.automl._azureautomlclient.modify_run_configuration:199 - Package py-xgboost missing from dependencies file.
2020-12-12 19:53:48.894 - INFO - 5407 - azureml.train.automl._azureautomlclient.modify_run_configuration:205 - Using pinned version: py-xgboost<=0.90
2020-12-12 19:53:48.894 - INFO - 5407 - azureml.train.automl._azureautomlclient.modify_run_configuration:199 - Package inference-schema missing from dependencies file.
2020-12-12 19:53:48.895 - INFO - 5407 - azureml.train.automl._azureautomlclient.modify_run_configuration:199 - Package fbprophet missing from dependencies file.
2020-12-12 19:53:48.895 - INFO - 5407 - azureml.train.automl._azureautomlclient.modify_run_configuration:205 - Using pinned version: fbprophet==0.5
2020-12-12 19:53:48.899 - INFO - 5407 - azureml.train.automl._azureautomlclient.modify_run_configuration:199 - Package setuptools-git missing from dependencies file.
2020-12-12 19:53:48.907 - INFO - 5407 - azureml.train.automl._azureautomlclient.modify_run_configuration:209 - Using installed version: setuptools-git==1.2
2020-12-12 19:53:48.919 - INFO - 5407 - azureml.automl.core.dataset_utilities._save_datasets_to_json:148 - JSON serialization of input of type <class 'NoneType'> is un-supported.
2020-12-12 19:53:48.920 - INFO - 5407 - azureml.automl.core.dataset_utilities._save_datasets_to_json:148 - JSON serialization of input of type <class 'NoneType'> is un-supported.
2020-12-12 19:53:48.927 - INFO - 5407 - azureml.train.automl._azureautomlclient._validate_input:663 - Start data validation.
2020-12-12 19:53:48.939 - CRITICAL - 5407 - azureml.train.automl._azureautomlclient.log_traceback:224 - Type: Unclassified
Class: ValueError
Message: experiment_id should not be None.
Traceback:
  File "_azureautomlclient.py", line 672, in _validate_input
    validation_results = self._jasmine_client.post_validate_service(parent_run_dto)
  File "jasmine_client.py", line 60, in post_validate_service
    self._client.jasmine.validate_run_input, create_parent_run_dto)
  File "experiment_client.py", line 261, in _execute_with_experimentid_arguments
    raise ValueError("experiment_id should not be None.")

ExceptionTarget: Unspecified
2020-12-12 19:53:48.939 - WARNING - 5407 - azureml.train.automl._azureautomlclient._validate_input:680 - Validation service meet exceptions, continue training now.
2020-12-12 20:23:37.053 - INFO - 5407 - azureml.automl.runtime.distributed.utilities.horovod_initialized:58 - Horovod not found in current environment. Distribution via Horovod will be disabled.
2020-12-12 20:23:43.302 - INFO - 5407 - azureml.automl.runtime.featurization.data_transformer._logger_wrapper:81 - Feature sweeping enabled: False
2020-12-12 20:23:43.303 - INFO - 5407 - azureml.automl.runtime.featurization.data_transformer._logger_wrapper:81 - Feature sweeping timeout: 86400
2020-12-12 20:23:43.304 - INFO - 5407 - azureml.automl.runtime.featurization.data_transformer._logger_wrapper:81 - Feature sweeping enabled: False
2020-12-12 20:23:43.305 - INFO - 5407 - azureml.automl.runtime.featurization.data_transformer._logger_wrapper:81 - Feature sweeping timeout: 86400
2020-12-12 20:23:47.839 - INFO - 5407 - azureml.automl.runtime.featurization.data_transformer._logger_wrapper:81 - Starting to apply transforms. Total ram: 29504061440 bytes
2020-12-12 20:23:47.840 - INFO - 5407 - azureml.automl.runtime.featurization.data_transformer._logger_wrapper:81 - Transform memory estimate: 0 bytes, Current available memory: 20232318976 bytes
2020-12-12 20:23:47.840 - INFO - 5407 - azureml.automl.runtime.featurization.data_transformer._logger_wrapper:81 - SimpleImputer: Applying transform.
2020-12-12 20:23:47.850 - INFO - 5407 - azureml.automl.runtime.featurization.data_transformer._logger_wrapper:81 - SimpleImputer: Finished applying transform. Shape (32950, 1)
2020-12-12 20:23:47.851 - INFO - 5407 - azureml.automl.runtime.featurization.data_transformer._logger_wrapper:81 - Transform memory estimate: 0 bytes, Current available memory: 20232318976 bytes
2020-12-12 20:23:47.851 - INFO - 5407 - azureml.automl.runtime.featurization.data_transformer._logger_wrapper:81 - SimpleImputer: Applying transform.
2020-12-12 20:23:47.854 - INFO - 5407 - azureml.automl.runtime.featurization.data_transformer._logger_wrapper:81 - SimpleImputer: Finished applying transform. Shape (32950, 1)
2020-12-12 20:23:47.854 - INFO - 5407 - azureml.automl.runtime.featurization.data_transformer._logger_wrapper:81 - Transform memory estimate: 0 bytes, Current available memory: 20232318976 bytes
2020-12-12 20:23:47.854 - INFO - 5407 - azureml.automl.runtime.featurization.data_transformer._logger_wrapper:81 - SimpleImputer: Applying transform.
2020-12-12 20:23:47.856 - INFO - 5407 - azureml.automl.runtime.featurization.data_transformer._logger_wrapper:81 - SimpleImputer: Finished applying transform. Shape (32950, 1)
2020-12-12 20:23:47.857 - INFO - 5407 - azureml.automl.runtime.featurization.data_transformer._logger_wrapper:81 - Transform memory estimate: 0 bytes, Current available memory: 20232318976 bytes
2020-12-12 20:23:47.857 - INFO - 5407 - azureml.automl.runtime.featurization.data_transformer._logger_wrapper:81 - SimpleImputer: Applying transform.
2020-12-12 20:23:47.860 - INFO - 5407 - azureml.automl.runtime.featurization.data_transformer._logger_wrapper:81 - SimpleImputer: Finished applying transform. Shape (32950, 1)
2020-12-12 20:23:47.860 - INFO - 5407 - azureml.automl.runtime.featurization.data_transformer._logger_wrapper:81 - Transform memory estimate: 0 bytes, Current available memory: 20232318976 bytes
2020-12-12 20:23:47.861 - INFO - 5407 - azureml.automl.runtime.featurization.data_transformer._logger_wrapper:81 - SimpleImputer: Applying transform.
2020-12-12 20:23:47.863 - INFO - 5407 - azureml.automl.runtime.featurization.data_transformer._logger_wrapper:81 - SimpleImputer: Finished applying transform. Shape (32950, 1)
2020-12-12 20:23:47.863 - INFO - 5407 - azureml.automl.runtime.featurization.data_transformer._logger_wrapper:81 - Transform memory estimate: 0 bytes, Current available memory: 20232318976 bytes
2020-12-12 20:23:47.863 - INFO - 5407 - azureml.automl.runtime.featurization.data_transformer._logger_wrapper:81 - SimpleImputer: Applying transform.
2020-12-12 20:23:47.866 - INFO - 5407 - azureml.automl.runtime.featurization.data_transformer._logger_wrapper:81 - SimpleImputer: Finished applying transform. Shape (32950, 1)
2020-12-12 20:23:47.866 - INFO - 5407 - azureml.automl.runtime.featurization.data_transformer._logger_wrapper:81 - Transform memory estimate: 0 bytes, Current available memory: 20232065024 bytes
2020-12-12 20:23:47.866 - INFO - 5407 - azureml.automl.runtime.featurization.data_transformer._logger_wrapper:81 - SimpleImputer: Applying transform.
2020-12-12 20:23:47.868 - INFO - 5407 - azureml.automl.runtime.featurization.data_transformer._logger_wrapper:81 - SimpleImputer: Finished applying transform. Shape (32950, 1)
2020-12-12 20:23:47.868 - INFO - 5407 - azureml.automl.runtime.featurization.data_transformer._logger_wrapper:81 - Transform memory estimate: 0 bytes, Current available memory: 20231778304 bytes
2020-12-12 20:23:47.868 - INFO - 5407 - azureml.automl.runtime.featurization.data_transformer._logger_wrapper:81 - StringCastTransformer,CountVectorizer: Applying transform.
2020-12-12 20:23:48.023 - INFO - 5407 - azureml.automl.runtime.featurization.data_transformer._logger_wrapper:81 - StringCastTransformer,CountVectorizer: Finished applying transform. Shape (32950, 12)
2020-12-12 20:23:48.023 - INFO - 5407 - azureml.automl.runtime.featurization.data_transformer._logger_wrapper:81 - Transform memory estimate: 0 bytes, Current available memory: 20229746688 bytes
2020-12-12 20:23:48.023 - INFO - 5407 - azureml.automl.runtime.featurization.data_transformer._logger_wrapper:81 - StringCastTransformer,CountVectorizer: Applying transform.
2020-12-12 20:23:48.123 - INFO - 5407 - azureml.automl.runtime.featurization.data_transformer._logger_wrapper:81 - StringCastTransformer,CountVectorizer: Finished applying transform. Shape (32950, 4)
2020-12-12 20:23:48.124 - INFO - 5407 - azureml.automl.runtime.featurization.data_transformer._logger_wrapper:81 - Transform memory estimate: 0 bytes, Current available memory: 20229214208 bytes
2020-12-12 20:23:48.124 - INFO - 5407 - azureml.automl.runtime.featurization.data_transformer._logger_wrapper:81 - StringCastTransformer,CountVectorizer: Applying transform.
2020-12-12 20:23:48.235 - INFO - 5407 - azureml.automl.runtime.featurization.data_transformer._logger_wrapper:81 - StringCastTransformer,CountVectorizer: Finished applying transform. Shape (32950, 8)
2020-12-12 20:23:48.236 - INFO - 5407 - azureml.automl.runtime.featurization.data_transformer._logger_wrapper:81 - Transform memory estimate: 0 bytes, Current available memory: 20229214208 bytes
2020-12-12 20:23:48.236 - INFO - 5407 - azureml.automl.runtime.featurization.data_transformer._logger_wrapper:81 - StringCastTransformer,CountVectorizer: Applying transform.
2020-12-12 20:23:48.339 - INFO - 5407 - azureml.automl.runtime.featurization.data_transformer._logger_wrapper:81 - StringCastTransformer,CountVectorizer: Finished applying transform. Shape (32950, 3)
2020-12-12 20:23:48.340 - INFO - 5407 - azureml.automl.runtime.featurization.data_transformer._logger_wrapper:81 - Transform memory estimate: 0 bytes, Current available memory: 20228595712 bytes
2020-12-12 20:23:48.340 - INFO - 5407 - azureml.automl.runtime.featurization.data_transformer._logger_wrapper:81 - StringCastTransformer,CountVectorizer: Applying transform.
2020-12-12 20:23:48.435 - INFO - 5407 - azureml.automl.runtime.featurization.data_transformer._logger_wrapper:81 - StringCastTransformer,CountVectorizer: Finished applying transform. Shape (32950, 3)
2020-12-12 20:23:48.436 - INFO - 5407 - azureml.automl.runtime.featurization.data_transformer._logger_wrapper:81 - Transform memory estimate: 0 bytes, Current available memory: 20228595712 bytes
2020-12-12 20:23:48.436 - INFO - 5407 - azureml.automl.runtime.featurization.data_transformer._logger_wrapper:81 - StringCastTransformer,CountVectorizer: Applying transform.
2020-12-12 20:23:48.535 - INFO - 5407 - azureml.automl.runtime.featurization.data_transformer._logger_wrapper:81 - StringCastTransformer,CountVectorizer: Finished applying transform. Shape (32950, 3)
2020-12-12 20:23:48.536 - INFO - 5407 - azureml.automl.runtime.featurization.data_transformer._logger_wrapper:81 - Transform memory estimate: 0 bytes, Current available memory: 20228214784 bytes
2020-12-12 20:23:48.536 - INFO - 5407 - azureml.automl.runtime.featurization.data_transformer._logger_wrapper:81 - CatImputer,StringCastTransformer,LabelEncoderTransformer: Applying transform.
2020-12-12 20:23:48.559 - INFO - 5407 - azureml.automl.runtime.featurization.data_transformer._logger_wrapper:81 - CatImputer,StringCastTransformer,LabelEncoderTransformer: Finished applying transform. Shape (32950, 1)
2020-12-12 20:23:48.559 - INFO - 5407 - azureml.automl.runtime.featurization.data_transformer._logger_wrapper:81 - Transform memory estimate: 0 bytes, Current available memory: 20226945024 bytes
2020-12-12 20:23:48.559 - INFO - 5407 - azureml.automl.runtime.featurization.data_transformer._logger_wrapper:81 - StringCastTransformer,CountVectorizer: Applying transform.
2020-12-12 20:23:48.652 - INFO - 5407 - azureml.automl.runtime.featurization.data_transformer._logger_wrapper:81 - StringCastTransformer,CountVectorizer: Finished applying transform. Shape (32950, 10)
2020-12-12 20:23:48.652 - INFO - 5407 - azureml.automl.runtime.featurization.data_transformer._logger_wrapper:81 - Transform memory estimate: 0 bytes, Current available memory: 20226437120 bytes
2020-12-12 20:23:48.652 - INFO - 5407 - azureml.automl.runtime.featurization.data_transformer._logger_wrapper:81 - StringCastTransformer,CountVectorizer: Applying transform.
2020-12-12 20:23:48.748 - INFO - 5407 - azureml.automl.runtime.featurization.data_transformer._logger_wrapper:81 - StringCastTransformer,CountVectorizer: Finished applying transform. Shape (32950, 5)
2020-12-12 20:23:48.749 - INFO - 5407 - azureml.automl.runtime.featurization.data_transformer._logger_wrapper:81 - Transform memory estimate: 0 bytes, Current available memory: 20226437120 bytes
2020-12-12 20:23:48.749 - INFO - 5407 - azureml.automl.runtime.featurization.data_transformer._logger_wrapper:81 - StringCastTransformer,CountVectorizer: Applying transform.
2020-12-12 20:23:48.883 - INFO - 5407 - azureml.automl.runtime.featurization.data_transformer._logger_wrapper:81 - StringCastTransformer,CountVectorizer: Finished applying transform. Shape (32950, 39)
2020-12-12 20:23:48.884 - INFO - 5407 - azureml.automl.runtime.featurization.data_transformer._logger_wrapper:81 - Transform memory estimate: 0 bytes, Current available memory: 20225753088 bytes
2020-12-12 20:23:48.884 - INFO - 5407 - azureml.automl.runtime.featurization.data_transformer._logger_wrapper:81 - StringCastTransformer,CountVectorizer: Applying transform.
2020-12-12 20:23:49.001 - INFO - 5407 - azureml.automl.runtime.featurization.data_transformer._logger_wrapper:81 - StringCastTransformer,CountVectorizer: Finished applying transform. Shape (32950, 26)
2020-12-12 20:23:49.002 - INFO - 5407 - azureml.automl.runtime.featurization.data_transformer._logger_wrapper:81 - Transform memory estimate: 0 bytes, Current available memory: 20225175552 bytes
2020-12-12 20:23:49.002 - INFO - 5407 - azureml.automl.runtime.featurization.data_transformer._logger_wrapper:81 - StringCastTransformer,CountVectorizer: Applying transform.
2020-12-12 20:23:49.124 - INFO - 5407 - azureml.automl.runtime.featurization.data_transformer._logger_wrapper:81 - StringCastTransformer,CountVectorizer: Finished applying transform. Shape (32950, 8)
2020-12-12 20:23:49.125 - INFO - 5407 - azureml.automl.runtime.featurization.data_transformer._logger_wrapper:81 - Transform memory estimate: 0 bytes, Current available memory: 20225527808 bytes
2020-12-12 20:23:49.125 - INFO - 5407 - azureml.automl.runtime.featurization.data_transformer._logger_wrapper:81 - StringCastTransformer,CountVectorizer: Applying transform.
2020-12-12 20:23:49.227 - INFO - 5407 - azureml.automl.runtime.featurization.data_transformer._logger_wrapper:81 - StringCastTransformer,CountVectorizer: Finished applying transform. Shape (32950, 3)
2020-12-12 20:23:49.227 - INFO - 5407 - azureml.automl.runtime.featurization.data_transformer._logger_wrapper:81 - Finished applying transforms
2020-12-12 20:23:49.228 - INFO - 5407 - azureml.automl.runtime.shared.memory_utilities._is_low_memory:208 - Total ram: 29504061440 bytes, Current Available memory: 20225527808 bytes. Low memory threshold: 0.5
